<?xml version="1.0" encoding="UTF-8" standalone="no"?>
<application>
  <tamagotchi>
    <nom>Test</nom>
    <type>BactÃ©rie</type>
    <vie>100</vie>
    <faim>0</faim>
    <fatigue>0</fatigue>
    <energie>0</energie>
    <moral>90</moral>
    <sante>100</sante>
    <toilettes>0</toilettes>
    <maison>false</maison>
    <dormir>false</dormir>
    <deplacement>false</deplacement>
    <lastMAJ>1429131882</lastMAJ>
  </tamagotchi>
</application>
